This is pdfTeX, Version 3.14159265-2.6-1.40.20 (TeX Live 2019/Debian) (preloaded format=pdflatex 2020.11.30)  3 FEB 2021 16:16
entering extended mode
 restricted \write18 enabled.
 file:line:error style messages enabled.
 %&-line parsing enabled.
**/home/sevocrear/Documents/website/sevocrear.github.io/ru/files/CV/main.tex
(/home/sevocrear/Documents/website/sevocrear.github.io/ru/files/CV/main.tex
LaTeX2e <2020-02-02> patch level 2
L3 programming layer <2020-02-14> (/home/sevocrear/Documents/website/sevocrear.github.io/ru/files/CV/friggeri-cv_reccius-experiment.cls
Document Class: friggeri-cv_reccius-experiment 2012/04/30 CV class, modified 2020/04/17
(/usr/share/texlive/texmf-dist/tex/latex/base/article.cls
Document Class: article 2019/12/20 v1.4l Standard LaTeX document class
(/usr/share/texlive/texmf-dist/tex/latex/base/size10.clo
File: size10.clo 2019/12/20 v1.4l Standard LaTeX file (size option)
)
\c@part=\count167
\c@section=\count168
\c@subsection=\count169
\c@subsubsection=\count170
\c@paragraph=\count171
\c@subparagraph=\count172
\c@figure=\count173
\c@table=\count174
\abovecaptionskip=\skip47
\belowcaptionskip=\skip48
\bibindent=\dimen134
) (/usr/share/texlive/texmf-dist/tex/latex/xcolor/xcolor.sty
Package: xcolor 2016/05/11 v2.12 LaTeX color extensions (UK)
 (/usr/share/texlive/texmf-dist/tex/latex/graphics-cfg/color.cfg
File: color.cfg 2016/01/02 v1.6 sample color configuration
)
Package xcolor Info: Driver file: pdftex.def on input line 225.
 (/usr/share/texlive/texmf-dist/tex/latex/graphics-def/pdftex.def
File: pdftex.def 2018/01/08 v1.0l Graphics/color driver for pdftex
)
Package xcolor Info: Model `cmy' substituted by `cmy0' on input line 1348.
Package xcolor Info: Model `hsb' substituted by `rgb' on input line 1352.
Package xcolor Info: Model `RGB' extended on input line 1364.
Package xcolor Info: Model `HTML' substituted by `rgb' on input line 1366.
Package xcolor Info: Model `Hsb' substituted by `hsb' on input line 1367.
Package xcolor Info: Model `tHsb' substituted by `hsb' on input line 1368.
Package xcolor Info: Model `HSB' substituted by `hsb' on input line 1369.
Package xcolor Info: Model `Gray' substituted by `gray' on input line 1370.
Package xcolor Info: Model `wave' substituted by `hsb' on input line 1371.
) (/usr/share/texlive/texmf-dist/tex/latex/eso-pic/eso-pic.sty
Package: eso-pic 2018/04/12 v2.0h eso-pic (RN)
 (/usr/share/texlive/texmf-dist/tex/generic/atbegshi/atbegshi.sty
Package: atbegshi 2019/12/05 v1.19 At begin shipout hook (HO)
 (/usr/share/texlive/texmf-dist/tex/generic/infwarerr/infwarerr.sty
Package: infwarerr 2019/12/03 v1.5 Providing info/warning/error messages (HO)
) (/usr/share/texlive/texmf-dist/tex/generic/ltxcmds/ltxcmds.sty
Package: ltxcmds 2019/12/15 v1.24 LaTeX kernel commands for general use (HO)
) (/usr/share/texlive/texmf-dist/tex/generic/iftex/iftex.sty
Package: iftex 2019/11/07 v1.0c TeX engine tests
)) (/usr/share/texlive/texmf-dist/tex/latex/graphics/keyval.sty
Package: keyval 2014/10/28 v1.15 key=value parser (DPC)
\KV@toks@=\toks14
)) (/usr/share/texlive/texmf-dist/tex/latex/fontspec/fontspec.sty (/usr/share/texlive/texmf-dist/tex/latex/l3packages/xparse/xparse.sty (/usr/share/texlive/texmf-dist/tex/latex/l3kernel/expl3.sty
Package: expl3 2020-02-14 L3 programming layer (loader) 
 (/usr/share/texlive/texmf-dist/tex/latex/l3backend/l3backend-pdfmode.def
File: l3backend-pdfmode.def 2020-02-03 L3 backend support: PDF mode
\l__kernel_color_stack_int=\count175
\l__pdf_internal_box=\box45
))
Package: xparse 2020-02-14 L3 Experimental document command parser
\l__xparse_current_arg_int=\count176
\g__xparse_grabber_int=\count177
\l__xparse_m_args_int=\count178
\l__xparse_v_nesting_int=\count179
)
Package: fontspec 2020/02/03 v2.7h Font selection for XeLaTeX and LuaLaTeX


/usr/share/texlive/texmf-dist/tex/latex/fontspec/fontspec.sty:45: Fatal Package fontspec Error: The fontspec package requires either XeTeX or
(fontspec)                      LuaTeX.
(fontspec)                      
(fontspec)                      You must change your typesetting engine to,
(fontspec)                      e.g., "xelatex" or "lualatex"instead of
(fontspec)                      "latex" or "pdflatex".

Type <return> to continue.
 ...                                              
                                                  
l.45 \msg_fatal:nn {fontspec} {cannot-use-pdftex}
                                                 

LaTeX does not know anything more about this error, sorry.

Try typing <return> to proceed.
If that doesn't work, type X <return> to quit.

This is a fatal error: LaTeX will abort.



/usr/share/texlive/texmf-dist/tex/latex/fontspec/fontspec.sty:45: Emergency stop.
<read *> 
         
l.45 \msg_fatal:nn {fontspec} {cannot-use-pdftex}
                                                 
*** (cannot \read from terminal in nonstop modes)

 
Here is how much of TeX's memory you used:
 1848 strings out of 481239
 33082 string characters out of 5920376
 273248 words of memory out of 5000000
 17154 multiletter control sequences out of 15000+600000
 532338 words of font info for 24 fonts, out of 8000000 for 9000
 1141 hyphenation exceptions out of 8191
 51i,0n,48p,340b,53s stack positions out of 5000i,500n,10000p,200000b,80000s
/usr/share/texlive/texmf-dist/tex/latex/fontspec/fontspec.sty:45:  ==> Fatal error occurred, no output PDF file produced!
